\BOOKMARK [1][-]{section.1}{Introduction}{}% 1
\BOOKMARK [2][-]{subsection.1.1}{Initial Phase}{section.1}% 2
\BOOKMARK [1][-]{section.2}{Technologies}{}% 3
\BOOKMARK [2][-]{subsection.2.1}{Backend}{section.2}% 4
\BOOKMARK [3][-]{subsubsection.2.1.1}{Sockets}{subsection.2.1}% 5
\BOOKMARK [3][-]{subsubsection.2.1.2}{Rest API}{subsection.2.1}% 6
\BOOKMARK [3][-]{subsubsection.2.1.3}{Mongo DB}{subsection.2.1}% 7
\BOOKMARK [3][-]{subsubsection.2.1.4}{Express}{subsection.2.1}% 8
\BOOKMARK [3][-]{subsubsection.2.1.5}{Unit Tests}{subsection.2.1}% 9
\BOOKMARK [2][-]{subsection.2.2}{Frontend}{section.2}% 10
\BOOKMARK [3][-]{subsubsection.2.2.1}{Reactjs}{subsection.2.2}% 11
\BOOKMARK [3][-]{subsubsection.2.2.2}{Redux}{subsection.2.2}% 12
\BOOKMARK [3][-]{subsubsection.2.2.3}{Thunks}{subsection.2.2}% 13
\BOOKMARK [3][-]{subsubsection.2.2.4}{Bootstrap}{subsection.2.2}% 14
\BOOKMARK [3][-]{subsubsection.2.2.5}{Translation API}{subsection.2.2}% 15
\BOOKMARK [3][-]{subsubsection.2.2.6}{Emojis}{subsection.2.2}% 16
\BOOKMARK [2][-]{subsection.2.3}{Architecture}{section.2}% 17
\BOOKMARK [2][-]{subsection.2.4}{Database Model}{section.2}% 18
\BOOKMARK [2][-]{subsection.2.5}{Chat Communication}{section.2}% 19
\BOOKMARK [2][-]{subsection.2.6}{Security}{section.2}% 20
\BOOKMARK [3][-]{subsubsection.2.6.1}{JWT}{subsection.2.6}% 21
\BOOKMARK [3][-]{subsubsection.2.6.2}{Bcrypt}{subsection.2.6}% 22
\BOOKMARK [2][-]{subsection.2.7}{Organization and Communication}{section.2}% 23
\BOOKMARK [1][-]{section.3}{Results}{}% 24
\BOOKMARK [1][-]{section.4}{Discussion}{}% 25
\BOOKMARK [1][-]{section.5}{Conclusion \046 Outlook}{}% 26
\BOOKMARK [1][-]{appendix.A}{Figures}{}% 27
\BOOKMARK [1][-]{appendix.B}{Tables}{}% 28
